17:43:00,439  INFO c.a.s.DefaultServerRunner:50 - Starting DefaultServerRunner on Mis-MacBook-Air.local with PID 12217 (/Users/robertnguyen/Workspace/airback-Release_9.0.9/out/production/airback-app-executor/airback-migration/airback-server-runner/target/classes started by robertnguyen in /Users/robertnguyen/Workspace/airback-Release_9.0.9)
17:43:00,665  INFO c.a.s.DefaultServerRunner:675 - No active profile set, falling back to default profiles: default
17:43:10,812  INFO o.s.c.a.ConfigurationClassPostProcessor:380 - Cannot enhance @Configuration bean definition 'com.vaadin.spring.VaadinConfiguration' since its singleton instance has been created too early. The typical cause is a non-static @Bean method with a BeanDefinitionRegistryPostProcessor return type: Consider declaring such methods as 'static'.
17:43:12,725  INFO o.s.c.s.PostProcessorRegistrationDelegate$BeanPostProcessorChecker:330 - Bean 'org.springframework.transaction.annotation.ProxyTransactionManagementConfiguration' of type [org.springframework.transaction.annotation.ProxyTransactionManagementConfiguration$$EnhancerBySpringCGLIB$$6ab7bd4f] is not eligible for getting processed by all BeanPostProcessors (for example: not eligible for auto-proxying)
17:43:14,550  WARN i.u.w.jsr:68 - UT026010: Buffer pool was not set on WebSocketDeploymentInfo, the default pool will be used
17:43:14,724  INFO i.u.servlet:364 - Initializing Spring embedded WebApplicationContext
17:43:14,725  INFO o.s.w.c.ContextLoader:296 - Root WebApplicationContext: initialization completed in 13483 ms
17:43:14,980  INFO c.v.s.b.i.VaadinServletConfiguration:261 - Registering Vaadin servlet
17:43:14,982  INFO c.v.s.b.i.VaadinServletConfiguration:263 - Servlet will be mapped to URLs [/vaadinServlet/*, /VAADIN/*]
17:43:15,037  INFO c.v.s.b.i.VaadinServletConfiguration:282 - Setting servlet init parameters
17:43:15,038  INFO c.v.s.b.i.VaadinServletConfiguration:306 - Set servlet init parameter [productionMode] = [false]
17:43:15,038  INFO c.v.s.b.i.VaadinServletConfiguration:306 - Set servlet init parameter [resourceCacheTime] = [3600]
17:43:15,039  INFO c.v.s.b.i.VaadinServletConfiguration:306 - Set servlet init parameter [heartbeatInterval] = [300]
17:43:15,039  INFO c.v.s.b.i.VaadinServletConfiguration:306 - Set servlet init parameter [closeIdleSessions] = [false]
17:43:17,156  INFO c.z.h.HikariDataSource:110 - HikariPool-1 - Starting...
17:43:18,640  INFO c.z.h.HikariDataSource:123 - HikariPool-1 - Start completed.
17:43:18,804  INFO o.f.c.i.l.VersionPrinter:49 - Flyway Community Edition 5.2.4 by Boxfuse
17:43:19,073  INFO o.f.c.i.d.DatabaseFactory:49 - Database: jdbc:mysql://localhost:3306/airback (MySQL 8.0)
17:43:20,522  INFO o.f.c.i.c.DbMigrate:49 - Current version of schema `airback`: 20190416.1
17:43:20,531  WARN o.f.c.i.c.DbMigrate:53 - Schema `airback` has a version (20190416.1) that is newer than the latest available migration (20190406.1) !
17:43:20,535  INFO o.f.c.i.c.DbMigrate:49 - Schema `airback` is up to date. No migration necessary.
17:43:33,543  WARN o.a.j.c.u.RepositoryLock:134 - Existing lock file /Users/robertnguyen/Workspace/airback-Release_9.0.9/repo2/wiki-workspaces/.lock detected. Repository was not shut down properly.
17:43:33,561  INFO o.a.j.c.RepositoryImpl:259 - Starting repository...
17:43:34,616  INFO o.a.j.c.RepositoryImpl:2035 - initializing workspace 'wiki'...
17:43:34,626 ERROR o.a.j.c.RepositoryImpl:551 - Failed to initialize workspace 'wiki'
org.apache.jackrabbit.core.config.ConfigurationException: Configured bean implementation class com.airback.module.ecm.DbFileSystemExt was not found.
	at org.apache.jackrabbit.core.config.SimpleBeanFactory.newInstance(SimpleBeanFactory.java:44)
	at org.apache.jackrabbit.core.config.BeanConfig.newInstance(BeanConfig.java:191)
	at org.apache.jackrabbit.core.config.RepositoryConfigurationParser$6.getFileSystem(RepositoryConfigurationParser.java:1163)
	at org.apache.jackrabbit.core.config.WorkspaceConfig.getFileSystem(WorkspaceConfig.java:220)
	at org.apache.jackrabbit.core.RepositoryImpl$WorkspaceInfo.doInitialize(RepositoryImpl.java:2051)
	at org.apache.jackrabbit.core.RepositoryImpl$WorkspaceInfo.initialize(RepositoryImpl.java:2036)
	at org.apache.jackrabbit.core.RepositoryImpl.initStartupWorkspaces(RepositoryImpl.java:544)
	at org.apache.jackrabbit.core.RepositoryImpl.<init>(RepositoryImpl.java:327)
	at org.apache.jackrabbit.core.RepositoryImpl.create(RepositoryImpl.java:616)
	at org.springframework.extensions.jcr.jackrabbit.RepositoryFactoryBean.createRepository(RepositoryFactoryBean.java:69)
	at org.springframework.extensions.jcr.RepositoryFactoryBean.afterPropertiesSet(RepositoryFactoryBean.java:64)
	at org.springframework.beans.factory.support.AbstractAutowireCapableBeanFactory.invokeInitMethods(AbstractAutowireCapableBeanFactory.java:1821)
	at org.springframework.beans.factory.support.AbstractAutowireCapableBeanFactory.initializeBean(AbstractAutowireCapableBeanFactory.java:1758)
	at org.springframework.beans.factory.support.AbstractAutowireCapableBeanFactory.doCreateBean(AbstractAutowireCapableBeanFactory.java:593)
	at org.springframework.beans.factory.support.AbstractAutowireCapableBeanFactory.createBean(AbstractAutowireCapableBeanFactory.java:515)
	at org.springframework.beans.factory.support.AbstractBeanFactory.lambda$doGetBean$0(AbstractBeanFactory.java:320)
	at org.springframework.beans.factory.support.DefaultSingletonBeanRegistry.getSingleton(DefaultSingletonBeanRegistry.java:222)
	at org.springframework.beans.factory.support.AbstractBeanFactory.doGetBean(AbstractBeanFactory.java:318)
	at org.springframework.beans.factory.support.AbstractBeanFactory.getBean(AbstractBeanFactory.java:199)
	at org.springframework.context.annotation.ConfigurationClassEnhancer$BeanMethodInterceptor.intercept(ConfigurationClassEnhancer.java:339)
	at com.airback.module.page.spring.PageConfiguration$$EnhancerBySpringCGLIB$$86f556a1.pageRepository(<generated>)
	at com.airback.module.page.spring.PageConfiguration.pageJcrSessionFactory(PageConfiguration.kt:54)
	at com.airback.module.page.spring.PageConfiguration$$EnhancerBySpringCGLIB$$86f556a1.CGLIB$pageJcrSessionFactory$0(<generated>)
	at com.airback.module.page.spring.PageConfiguration$$EnhancerBySpringCGLIB$$86f556a1$$FastClassBySpringCGLIB$$9d51c06a.invoke(<generated>)
	at org.springframework.cglib.proxy.MethodProxy.invokeSuper(MethodProxy.java:244)
	at org.springframework.context.annotation.ConfigurationClassEnhancer$BeanMethodInterceptor.intercept(ConfigurationClassEnhancer.java:363)
	at com.airback.module.page.spring.PageConfiguration$$EnhancerBySpringCGLIB$$86f556a1.pageJcrSessionFactory(<generated>)
	at sun.reflect.NativeMethodAccessorImpl.invoke0(Native Method)
	at sun.reflect.NativeMethodAccessorImpl.invoke(NativeMethodAccessorImpl.java:62)
	at sun.reflect.DelegatingMethodAccessorImpl.invoke(DelegatingMethodAccessorImpl.java:43)
	at java.lang.reflect.Method.invoke(Method.java:498)
	at org.springframework.beans.factory.support.SimpleInstantiationStrategy.instantiate(SimpleInstantiationStrategy.java:154)
	at org.springframework.beans.factory.support.ConstructorResolver.instantiate(ConstructorResolver.java:622)
	at org.springframework.beans.factory.support.ConstructorResolver.instantiateUsingFactoryMethod(ConstructorResolver.java:456)
	at org.springframework.beans.factory.support.AbstractAutowireCapableBeanFactory.instantiateUsingFactoryMethod(AbstractAutowireCapableBeanFactory.java:1305)
	at org.springframework.beans.factory.support.AbstractAutowireCapableBeanFactory.createBeanInstance(AbstractAutowireCapableBeanFactory.java:1144)
	at org.springframework.beans.factory.support.AbstractAutowireCapableBeanFactory.doCreateBean(AbstractAutowireCapableBeanFactory.java:555)
	at org.springframework.beans.factory.support.AbstractAutowireCapableBeanFactory.createBean(AbstractAutowireCapableBeanFactory.java:515)
	at org.springframework.beans.factory.support.AbstractBeanFactory.lambda$doGetBean$0(AbstractBeanFactory.java:320)
	at org.springframework.beans.factory.support.DefaultSingletonBeanRegistry.getSingleton(DefaultSingletonBeanRegistry.java:222)
	at org.springframework.beans.factory.support.AbstractBeanFactory.doGetBean(AbstractBeanFactory.java:318)
	at org.springframework.beans.factory.support.AbstractBeanFactory.getBean(AbstractBeanFactory.java:199)
	at org.springframework.context.annotation.ConfigurationClassEnhancer$BeanMethodInterceptor.resolveBeanReference(ConfigurationClassEnhancer.java:394)
	at org.springframework.context.annotation.ConfigurationClassEnhancer$BeanMethodInterceptor.intercept(ConfigurationClassEnhancer.java:366)
	at com.airback.module.page.spring.PageConfiguration$$EnhancerBySpringCGLIB$$86f556a1.pageJcrSessionFactory(<generated>)
	at com.airback.module.page.spring.PageConfiguration.pageJcrTemplate(PageConfiguration.kt:63)
	at com.airback.module.page.spring.PageConfiguration$$EnhancerBySpringCGLIB$$86f556a1.CGLIB$pageJcrTemplate$2(<generated>)
	at com.airback.module.page.spring.PageConfiguration$$EnhancerBySpringCGLIB$$86f556a1$$FastClassBySpringCGLIB$$9d51c06a.invoke(<generated>)
	at org.springframework.cglib.proxy.MethodProxy.invokeSuper(MethodProxy.java:244)
	at org.springframework.context.annotation.ConfigurationClassEnhancer$BeanMethodInterceptor.intercept(ConfigurationClassEnhancer.java:363)
	at com.airback.module.page.spring.PageConfiguration$$EnhancerBySpringCGLIB$$86f556a1.pageJcrTemplate(<generated>)
	at sun.reflect.NativeMethodAccessorImpl.invoke0(Native Method)
	at sun.reflect.NativeMethodAccessorImpl.invoke(NativeMethodAccessorImpl.java:62)
	at sun.reflect.DelegatingMethodAccessorImpl.invoke(DelegatingMethodAccessorImpl.java:43)
	at java.lang.reflect.Method.invoke(Method.java:498)
	at org.springframework.beans.factory.support.SimpleInstantiationStrategy.instantiate(SimpleInstantiationStrategy.java:154)
	at org.springframework.beans.factory.support.ConstructorResolver.instantiate(ConstructorResolver.java:622)
	at org.springframework.beans.factory.support.ConstructorResolver.instantiateUsingFactoryMethod(ConstructorResolver.java:456)
	at org.springframework.beans.factory.support.AbstractAutowireCapableBeanFactory.instantiateUsingFactoryMethod(AbstractAutowireCapableBeanFactory.java:1305)
	at org.springframework.beans.factory.support.AbstractAutowireCapableBeanFactory.createBeanInstance(AbstractAutowireCapableBeanFactory.java:1144)
	at org.springframework.beans.factory.support.AbstractAutowireCapableBeanFactory.doCreateBean(AbstractAutowireCapableBeanFactory.java:555)
	at org.springframework.beans.factory.support.AbstractAutowireCapableBeanFactory.createBean(AbstractAutowireCapableBeanFactory.java:515)
	at org.springframework.beans.factory.support.AbstractBeanFactory.lambda$doGetBean$0(AbstractBeanFactory.java:320)
	at org.springframework.beans.factory.support.DefaultSingletonBeanRegistry.getSingleton(DefaultSingletonBeanRegistry.java:222)
	at org.springframework.beans.factory.support.AbstractBeanFactory.doGetBean(AbstractBeanFactory.java:318)
	at org.springframework.beans.factory.support.AbstractBeanFactory.getBean(AbstractBeanFactory.java:199)
	at org.springframework.beans.factory.config.DependencyDescriptor.resolveCandidate(DependencyDescriptor.java:277)
	at org.springframework.beans.factory.support.DefaultListableBeanFactory.doResolveDependency(DefaultListableBeanFactory.java:1247)
	at org.springframework.beans.factory.support.DefaultListableBeanFactory.resolveDependency(DefaultListableBeanFactory.java:1167)
	at org.springframework.beans.factory.annotation.AutowiredAnnotationBeanPostProcessor$AutowiredFieldElement.inject(AutowiredAnnotationBeanPostProcessor.java:593)
	at org.springframework.beans.factory.annotation.InjectionMetadata.inject(InjectionMetadata.java:90)
	at org.springframework.beans.factory.annotation.AutowiredAnnotationBeanPostProcessor.postProcessProperties(AutowiredAnnotationBeanPostProcessor.java:374)
	at org.springframework.beans.factory.support.AbstractAutowireCapableBeanFactory.populateBean(AbstractAutowireCapableBeanFactory.java:1395)
	at org.springframework.beans.factory.support.AbstractAutowireCapableBeanFactory.doCreateBean(AbstractAutowireCapableBeanFactory.java:592)
	at org.springframework.beans.factory.support.AbstractAutowireCapableBeanFactory.createBean(AbstractAutowireCapableBeanFactory.java:515)
	at org.springframework.beans.factory.support.AbstractBeanFactory.lambda$doGetBean$0(AbstractBeanFactory.java:320)
	at org.springframework.beans.factory.support.DefaultSingletonBeanRegistry.getSingleton(DefaultSingletonBeanRegistry.java:222)
	at org.springframework.beans.factory.support.AbstractBeanFactory.doGetBean(AbstractBeanFactory.java:318)
	at org.springframework.beans.factory.support.AbstractBeanFactory.getBean(AbstractBeanFactory.java:199)
	at org.springframework.beans.factory.config.DependencyDescriptor.resolveCandidate(DependencyDescriptor.java:277)
	at org.springframework.beans.factory.support.DefaultListableBeanFactory.doResolveDependency(DefaultListableBeanFactory.java:1247)
	at org.springframework.beans.factory.support.DefaultListableBeanFactory.resolveDependency(DefaultListableBeanFactory.java:1167)
	at org.springframework.beans.factory.support.ConstructorResolver.resolveAutowiredArgument(ConstructorResolver.java:857)
	at org.springframework.beans.factory.support.ConstructorResolver.createArgumentArray(ConstructorResolver.java:760)
	at org.springframework.beans.factory.support.ConstructorResolver.autowireConstructor(ConstructorResolver.java:218)
	at org.springframework.beans.factory.support.AbstractAutowireCapableBeanFactory.autowireConstructor(AbstractAutowireCapableBeanFactory.java:1325)
	at org.springframework.beans.factory.support.AbstractAutowireCapableBeanFactory.createBeanInstance(AbstractAutowireCapableBeanFactory.java:1171)
	at org.springframework.beans.factory.support.AbstractAutowireCapableBeanFactory.doCreateBean(AbstractAutowireCapableBeanFactory.java:555)
	at org.springframework.beans.factory.support.AbstractAutowireCapableBeanFactory.createBean(AbstractAutowireCapableBeanFactory.java:515)
	at org.springframework.beans.factory.support.AbstractBeanFactory.lambda$doGetBean$0(AbstractBeanFactory.java:320)
	at org.springframework.beans.factory.support.DefaultSingletonBeanRegistry.getSingleton(DefaultSingletonBeanRegistry.java:222)
	at org.springframework.beans.factory.support.AbstractBeanFactory.doGetBean(AbstractBeanFactory.java:318)
	at org.springframework.beans.factory.support.AbstractBeanFactory.getBean(AbstractBeanFactory.java:199)
	at org.springframework.beans.factory.support.DefaultListableBeanFactory.preInstantiateSingletons(DefaultListableBeanFactory.java:849)
	at org.springframework.context.support.AbstractApplicationContext.finishBeanFactoryInitialization(AbstractApplicationContext.java:877)
	at org.springframework.context.support.AbstractApplicationContext.refresh(AbstractApplicationContext.java:549)
	at org.springframework.boot.web.servlet.context.ServletWebServerApplicationContext.refresh(ServletWebServerApplicationContext.java:142)
	at org.springframework.boot.SpringApplication.refresh(SpringApplication.java:775)
	at org.springframework.boot.SpringApplication.refreshContext(SpringApplication.java:397)
	at org.springframework.boot.SpringApplication.run(SpringApplication.java:316)
	at com.airback.server.DefaultServerRunner.main(DefaultServerRunner.java:60)
Caused by: java.lang.ClassNotFoundException: com.airback.module.ecm.DbFileSystemExt
	at java.net.URLClassLoader.findClass(URLClassLoader.java:381)
	at java.lang.ClassLoader.loadClass(ClassLoader.java:424)
	at sun.misc.Launcher$AppClassLoader.loadClass(Launcher.java:335)
	at java.lang.ClassLoader.loadClass(ClassLoader.java:357)
	at java.lang.Class.forName0(Native Method)
	at java.lang.Class.forName(Class.java:348)
	at org.apache.jackrabbit.core.config.SimpleBeanFactory.newInstance(SimpleBeanFactory.java:30)
	... 100 common frames omitted
17:43:34,635 ERROR o.a.j.c.RepositoryImpl:552 - Unable to start repository, forcing shutdown...
17:43:34,637  INFO o.a.j.c.RepositoryImpl:1087 - Shutting down repository...
17:43:34,653  INFO o.a.j.c.RepositoryImpl:1192 - Repository has been shutdown
17:43:34,654 ERROR o.a.j.c.RepositoryImpl:369 - failed to start Repository: Configured bean implementation class com.airback.module.ecm.DbFileSystemExt was not found.
org.apache.jackrabbit.core.config.ConfigurationException: Configured bean implementation class com.airback.module.ecm.DbFileSystemExt was not found.
	at org.apache.jackrabbit.core.config.SimpleBeanFactory.newInstance(SimpleBeanFactory.java:44)
	at org.apache.jackrabbit.core.config.BeanConfig.newInstance(BeanConfig.java:191)
	at org.apache.jackrabbit.core.config.RepositoryConfigurationParser$6.getFileSystem(RepositoryConfigurationParser.java:1163)
	at org.apache.jackrabbit.core.config.WorkspaceConfig.getFileSystem(WorkspaceConfig.java:220)
	at org.apache.jackrabbit.core.RepositoryImpl$WorkspaceInfo.doInitialize(RepositoryImpl.java:2051)
	at org.apache.jackrabbit.core.RepositoryImpl$WorkspaceInfo.initialize(RepositoryImpl.java:2036)
	at org.apache.jackrabbit.core.RepositoryImpl.initStartupWorkspaces(RepositoryImpl.java:544)
	at org.apache.jackrabbit.core.RepositoryImpl.<init>(RepositoryImpl.java:327)
	at org.apache.jackrabbit.core.RepositoryImpl.create(RepositoryImpl.java:616)
	at org.springframework.extensions.jcr.jackrabbit.RepositoryFactoryBean.createRepository(RepositoryFactoryBean.java:69)
	at org.springframework.extensions.jcr.RepositoryFactoryBean.afterPropertiesSet(RepositoryFactoryBean.java:64)
	at org.springframework.beans.factory.support.AbstractAutowireCapableBeanFactory.invokeInitMethods(AbstractAutowireCapableBeanFactory.java:1821)
	at org.springframework.beans.factory.support.AbstractAutowireCapableBeanFactory.initializeBean(AbstractAutowireCapableBeanFactory.java:1758)
	at org.springframework.beans.factory.support.AbstractAutowireCapableBeanFactory.doCreateBean(AbstractAutowireCapableBeanFactory.java:593)
	at org.springframework.beans.factory.support.AbstractAutowireCapableBeanFactory.createBean(AbstractAutowireCapableBeanFactory.java:515)
	at org.springframework.beans.factory.support.AbstractBeanFactory.lambda$doGetBean$0(AbstractBeanFactory.java:320)
	at org.springframework.beans.factory.support.DefaultSingletonBeanRegistry.getSingleton(DefaultSingletonBeanRegistry.java:222)
	at org.springframework.beans.factory.support.AbstractBeanFactory.doGetBean(AbstractBeanFactory.java:318)
	at org.springframework.beans.factory.support.AbstractBeanFactory.getBean(AbstractBeanFactory.java:199)
	at org.springframework.context.annotation.ConfigurationClassEnhancer$BeanMethodInterceptor.intercept(ConfigurationClassEnhancer.java:339)
	at com.airback.module.page.spring.PageConfiguration$$EnhancerBySpringCGLIB$$86f556a1.pageRepository(<generated>)
	at com.airback.module.page.spring.PageConfiguration.pageJcrSessionFactory(PageConfiguration.kt:54)
	at com.airback.module.page.spring.PageConfiguration$$EnhancerBySpringCGLIB$$86f556a1.CGLIB$pageJcrSessionFactory$0(<generated>)
	at com.airback.module.page.spring.PageConfiguration$$EnhancerBySpringCGLIB$$86f556a1$$FastClassBySpringCGLIB$$9d51c06a.invoke(<generated>)
	at org.springframework.cglib.proxy.MethodProxy.invokeSuper(MethodProxy.java:244)
	at org.springframework.context.annotation.ConfigurationClassEnhancer$BeanMethodInterceptor.intercept(ConfigurationClassEnhancer.java:363)
	at com.airback.module.page.spring.PageConfiguration$$EnhancerBySpringCGLIB$$86f556a1.pageJcrSessionFactory(<generated>)
	at sun.reflect.NativeMethodAccessorImpl.invoke0(Native Method)
	at sun.reflect.NativeMethodAccessorImpl.invoke(NativeMethodAccessorImpl.java:62)
	at sun.reflect.DelegatingMethodAccessorImpl.invoke(DelegatingMethodAccessorImpl.java:43)
	at java.lang.reflect.Method.invoke(Method.java:498)
	at org.springframework.beans.factory.support.SimpleInstantiationStrategy.instantiate(SimpleInstantiationStrategy.java:154)
	at org.springframework.beans.factory.support.ConstructorResolver.instantiate(ConstructorResolver.java:622)
	at org.springframework.beans.factory.support.ConstructorResolver.instantiateUsingFactoryMethod(ConstructorResolver.java:456)
	at org.springframework.beans.factory.support.AbstractAutowireCapableBeanFactory.instantiateUsingFactoryMethod(AbstractAutowireCapableBeanFactory.java:1305)
	at org.springframework.beans.factory.support.AbstractAutowireCapableBeanFactory.createBeanInstance(AbstractAutowireCapableBeanFactory.java:1144)
	at org.springframework.beans.factory.support.AbstractAutowireCapableBeanFactory.doCreateBean(AbstractAutowireCapableBeanFactory.java:555)
	at org.springframework.beans.factory.support.AbstractAutowireCapableBeanFactory.createBean(AbstractAutowireCapableBeanFactory.java:515)
	at org.springframework.beans.factory.support.AbstractBeanFactory.lambda$doGetBean$0(AbstractBeanFactory.java:320)
	at org.springframework.beans.factory.support.DefaultSingletonBeanRegistry.getSingleton(DefaultSingletonBeanRegistry.java:222)
	at org.springframework.beans.factory.support.AbstractBeanFactory.doGetBean(AbstractBeanFactory.java:318)
	at org.springframework.beans.factory.support.AbstractBeanFactory.getBean(AbstractBeanFactory.java:199)
	at org.springframework.context.annotation.ConfigurationClassEnhancer$BeanMethodInterceptor.resolveBeanReference(ConfigurationClassEnhancer.java:394)
	at org.springframework.context.annotation.ConfigurationClassEnhancer$BeanMethodInterceptor.intercept(ConfigurationClassEnhancer.java:366)
	at com.airback.module.page.spring.PageConfiguration$$EnhancerBySpringCGLIB$$86f556a1.pageJcrSessionFactory(<generated>)
	at com.airback.module.page.spring.PageConfiguration.pageJcrTemplate(PageConfiguration.kt:63)
	at com.airback.module.page.spring.PageConfiguration$$EnhancerBySpringCGLIB$$86f556a1.CGLIB$pageJcrTemplate$2(<generated>)
	at com.airback.module.page.spring.PageConfiguration$$EnhancerBySpringCGLIB$$86f556a1$$FastClassBySpringCGLIB$$9d51c06a.invoke(<generated>)
	at org.springframework.cglib.proxy.MethodProxy.invokeSuper(MethodProxy.java:244)
	at org.springframework.context.annotation.ConfigurationClassEnhancer$BeanMethodInterceptor.intercept(ConfigurationClassEnhancer.java:363)
	at com.airback.module.page.spring.PageConfiguration$$EnhancerBySpringCGLIB$$86f556a1.pageJcrTemplate(<generated>)
	at sun.reflect.NativeMethodAccessorImpl.invoke0(Native Method)
	at sun.reflect.NativeMethodAccessorImpl.invoke(NativeMethodAccessorImpl.java:62)
	at sun.reflect.DelegatingMethodAccessorImpl.invoke(DelegatingMethodAccessorImpl.java:43)
	at java.lang.reflect.Method.invoke(Method.java:498)
	at org.springframework.beans.factory.support.SimpleInstantiationStrategy.instantiate(SimpleInstantiationStrategy.java:154)
	at org.springframework.beans.factory.support.ConstructorResolver.instantiate(ConstructorResolver.java:622)
	at org.springframework.beans.factory.support.ConstructorResolver.instantiateUsingFactoryMethod(ConstructorResolver.java:456)
	at org.springframework.beans.factory.support.AbstractAutowireCapableBeanFactory.instantiateUsingFactoryMethod(AbstractAutowireCapableBeanFactory.java:1305)
	at org.springframework.beans.factory.support.AbstractAutowireCapableBeanFactory.createBeanInstance(AbstractAutowireCapableBeanFactory.java:1144)
	at org.springframework.beans.factory.support.AbstractAutowireCapableBeanFactory.doCreateBean(AbstractAutowireCapableBeanFactory.java:555)
	at org.springframework.beans.factory.support.AbstractAutowireCapableBeanFactory.createBean(AbstractAutowireCapableBeanFactory.java:515)
	at org.springframework.beans.factory.support.AbstractBeanFactory.lambda$doGetBean$0(AbstractBeanFactory.java:320)
	at org.springframework.beans.factory.support.DefaultSingletonBeanRegistry.getSingleton(DefaultSingletonBeanRegistry.java:222)
	at org.springframework.beans.factory.support.AbstractBeanFactory.doGetBean(AbstractBeanFactory.java:318)
	at org.springframework.beans.factory.support.AbstractBeanFactory.getBean(AbstractBeanFactory.java:199)
	at org.springframework.beans.factory.config.DependencyDescriptor.resolveCandidate(DependencyDescriptor.java:277)
	at org.springframework.beans.factory.support.DefaultListableBeanFactory.doResolveDependency(DefaultListableBeanFactory.java:1247)
	at org.springframework.beans.factory.support.DefaultListableBeanFactory.resolveDependency(DefaultListableBeanFactory.java:1167)
	at org.springframework.beans.factory.annotation.AutowiredAnnotationBeanPostProcessor$AutowiredFieldElement.inject(AutowiredAnnotationBeanPostProcessor.java:593)
	at org.springframework.beans.factory.annotation.InjectionMetadata.inject(InjectionMetadata.java:90)
	at org.springframework.beans.factory.annotation.AutowiredAnnotationBeanPostProcessor.postProcessProperties(AutowiredAnnotationBeanPostProcessor.java:374)
	at org.springframework.beans.factory.support.AbstractAutowireCapableBeanFactory.populateBean(AbstractAutowireCapableBeanFactory.java:1395)
	at org.springframework.beans.factory.support.AbstractAutowireCapableBeanFactory.doCreateBean(AbstractAutowireCapableBeanFactory.java:592)
	at org.springframework.beans.factory.support.AbstractAutowireCapableBeanFactory.createBean(AbstractAutowireCapableBeanFactory.java:515)
	at org.springframework.beans.factory.support.AbstractBeanFactory.lambda$doGetBean$0(AbstractBeanFactory.java:320)
	at org.springframework.beans.factory.support.DefaultSingletonBeanRegistry.getSingleton(DefaultSingletonBeanRegistry.java:222)
	at org.springframework.beans.factory.support.AbstractBeanFactory.doGetBean(AbstractBeanFactory.java:318)
	at org.springframework.beans.factory.support.AbstractBeanFactory.getBean(AbstractBeanFactory.java:199)
	at org.springframework.beans.factory.config.DependencyDescriptor.resolveCandidate(DependencyDescriptor.java:277)
	at org.springframework.beans.factory.support.DefaultListableBeanFactory.doResolveDependency(DefaultListableBeanFactory.java:1247)
	at org.springframework.beans.factory.support.DefaultListableBeanFactory.resolveDependency(DefaultListableBeanFactory.java:1167)
	at org.springframework.beans.factory.support.ConstructorResolver.resolveAutowiredArgument(ConstructorResolver.java:857)
	at org.springframework.beans.factory.support.ConstructorResolver.createArgumentArray(ConstructorResolver.java:760)
	at org.springframework.beans.factory.support.ConstructorResolver.autowireConstructor(ConstructorResolver.java:218)
	at org.springframework.beans.factory.support.AbstractAutowireCapableBeanFactory.autowireConstructor(AbstractAutowireCapableBeanFactory.java:1325)
	at org.springframework.beans.factory.support.AbstractAutowireCapableBeanFactory.createBeanInstance(AbstractAutowireCapableBeanFactory.java:1171)
	at org.springframework.beans.factory.support.AbstractAutowireCapableBeanFactory.doCreateBean(AbstractAutowireCapableBeanFactory.java:555)
	at org.springframework.beans.factory.support.AbstractAutowireCapableBeanFactory.createBean(AbstractAutowireCapableBeanFactory.java:515)
	at org.springframework.beans.factory.support.AbstractBeanFactory.lambda$doGetBean$0(AbstractBeanFactory.java:320)
	at org.springframework.beans.factory.support.DefaultSingletonBeanRegistry.getSingleton(DefaultSingletonBeanRegistry.java:222)
	at org.springframework.beans.factory.support.AbstractBeanFactory.doGetBean(AbstractBeanFactory.java:318)
	at org.springframework.beans.factory.support.AbstractBeanFactory.getBean(AbstractBeanFactory.java:199)
	at org.springframework.beans.factory.support.DefaultListableBeanFactory.preInstantiateSingletons(DefaultListableBeanFactory.java:849)
	at org.springframework.context.support.AbstractApplicationContext.finishBeanFactoryInitialization(AbstractApplicationContext.java:877)
	at org.springframework.context.support.AbstractApplicationContext.refresh(AbstractApplicationContext.java:549)
	at org.springframework.boot.web.servlet.context.ServletWebServerApplicationContext.refresh(ServletWebServerApplicationContext.java:142)
	at org.springframework.boot.SpringApplication.refresh(SpringApplication.java:775)
	at org.springframework.boot.SpringApplication.refreshContext(SpringApplication.java:397)
	at org.springframework.boot.SpringApplication.run(SpringApplication.java:316)
	at com.airback.server.DefaultServerRunner.main(DefaultServerRunner.java:60)
Caused by: java.lang.ClassNotFoundException: com.airback.module.ecm.DbFileSystemExt
	at java.net.URLClassLoader.findClass(URLClassLoader.java:381)
	at java.lang.ClassLoader.loadClass(ClassLoader.java:424)
	at sun.misc.Launcher$AppClassLoader.loadClass(Launcher.java:335)
	at java.lang.ClassLoader.loadClass(ClassLoader.java:357)
	at java.lang.Class.forName0(Native Method)
	at java.lang.Class.forName(Class.java:348)
	at org.apache.jackrabbit.core.config.SimpleBeanFactory.newInstance(SimpleBeanFactory.java:30)
	... 100 common frames omitted
17:43:34,670  WARN o.s.b.w.s.c.AnnotationConfigServletWebServerApplicationContext:557 - Exception encountered during context initialization - cancelling refresh attempt: org.springframework.beans.factory.UnsatisfiedDependencyException: Error creating bean with name 'accountCreatedCommand' defined in file [/Users/robertnguyen/Workspace/airback-Release_9.0.9/out/production/airback-app-executor/airback-migration/airback-esb/target/classes/com/airback/module/billing/esb/AccountCreatedCommand.class]: Unsatisfied dependency expressed through constructor parameter 9; nested exception is org.springframework.beans.factory.UnsatisfiedDependencyException: Error creating bean with name 'pageServiceImpl': Unsatisfied dependency expressed through field 'jcrTemplate'; nested exception is org.springframework.beans.factory.BeanCreationException: Error creating bean with name 'pageJcrTemplate' defined in class path resource [com/airback/module/page/spring/PageConfiguration.class]: Bean instantiation via factory method failed; nested exception is org.springframework.beans.BeanInstantiationException: Failed to instantiate [org.springframework.extensions.jcr.JcrTemplate]: Factory method 'pageJcrTemplate' threw exception; nested exception is org.springframework.beans.factory.BeanCreationException: Error creating bean with name 'pageJcrSessionFactory' defined in class path resource [com/airback/module/page/spring/PageConfiguration.class]: Bean instantiation via factory method failed; nested exception is org.springframework.beans.BeanInstantiationException: Failed to instantiate [com.airback.module.page.PageSessionFactory]: Factory method 'pageJcrSessionFactory' threw exception; nested exception is org.springframework.beans.factory.BeanCreationException: Error creating bean with name 'pageRepository' defined in class path resource [com/airback/module/page/spring/PageConfiguration.class]: Invocation of init method failed; nested exception is org.apache.jackrabbit.core.config.ConfigurationException: Configured bean implementation class com.airback.module.ecm.DbFileSystemExt was not found.
17:43:34,673  INFO c.z.h.HikariDataSource:350 - HikariPool-1 - Shutdown initiated...
17:43:34,712  INFO c.z.h.HikariDataSource:352 - HikariPool-1 - Shutdown completed.
17:43:34,749  INFO o.s.b.a.l.ConditionEvaluationReportLoggingListener:142 - 

Error starting ApplicationContext. To display the conditions report re-run your application with 'debug' enabled.
17:43:34,766 ERROR o.s.b.SpringApplication:858 - Application run failed
org.springframework.beans.factory.UnsatisfiedDependencyException: Error creating bean with name 'accountCreatedCommand' defined in file [/Users/robertnguyen/Workspace/airback-Release_9.0.9/out/production/airback-app-executor/airback-migration/airback-esb/target/classes/com/airback/module/billing/esb/AccountCreatedCommand.class]: Unsatisfied dependency expressed through constructor parameter 9; nested exception is org.springframework.beans.factory.UnsatisfiedDependencyException: Error creating bean with name 'pageServiceImpl': Unsatisfied dependency expressed through field 'jcrTemplate'; nested exception is org.springframework.beans.factory.BeanCreationException: Error creating bean with name 'pageJcrTemplate' defined in class path resource [com/airback/module/page/spring/PageConfiguration.class]: Bean instantiation via factory method failed; nested exception is org.springframework.beans.BeanInstantiationException: Failed to instantiate [org.springframework.extensions.jcr.JcrTemplate]: Factory method 'pageJcrTemplate' threw exception; nested exception is org.springframework.beans.factory.BeanCreationException: Error creating bean with name 'pageJcrSessionFactory' defined in class path resource [com/airback/module/page/spring/PageConfiguration.class]: Bean instantiation via factory method failed; nested exception is org.springframework.beans.BeanInstantiationException: Failed to instantiate [com.airback.module.page.PageSessionFactory]: Factory method 'pageJcrSessionFactory' threw exception; nested exception is org.springframework.beans.factory.BeanCreationException: Error creating bean with name 'pageRepository' defined in class path resource [com/airback/module/page/spring/PageConfiguration.class]: Invocation of init method failed; nested exception is org.apache.jackrabbit.core.config.ConfigurationException: Configured bean implementation class com.airback.module.ecm.DbFileSystemExt was not found.
	at org.springframework.beans.factory.support.ConstructorResolver.createArgumentArray(ConstructorResolver.java:769)
	at org.springframework.beans.factory.support.ConstructorResolver.autowireConstructor(ConstructorResolver.java:218)
	at org.springframework.beans.factory.support.AbstractAutowireCapableBeanFactory.autowireConstructor(AbstractAutowireCapableBeanFactory.java:1325)
	at org.springframework.beans.factory.support.AbstractAutowireCapableBeanFactory.createBeanInstance(AbstractAutowireCapableBeanFactory.java:1171)
	at org.springframework.beans.factory.support.AbstractAutowireCapableBeanFactory.doCreateBean(AbstractAutowireCapableBeanFactory.java:555)
	at org.springframework.beans.factory.support.AbstractAutowireCapableBeanFactory.createBean(AbstractAutowireCapableBeanFactory.java:515)
	at org.springframework.beans.factory.support.AbstractBeanFactory.lambda$doGetBean$0(AbstractBeanFactory.java:320)
	at org.springframework.beans.factory.support.DefaultSingletonBeanRegistry.getSingleton(DefaultSingletonBeanRegistry.java:222)
	at org.springframework.beans.factory.support.AbstractBeanFactory.doGetBean(AbstractBeanFactory.java:318)
	at org.springframework.beans.factory.support.AbstractBeanFactory.getBean(AbstractBeanFactory.java:199)
	at org.springframework.beans.factory.support.DefaultListableBeanFactory.preInstantiateSingletons(DefaultListableBeanFactory.java:849)
	at org.springframework.context.support.AbstractApplicationContext.finishBeanFactoryInitialization(AbstractApplicationContext.java:877)
	at org.springframework.context.support.AbstractApplicationContext.refresh(AbstractApplicationContext.java:549)
	at org.springframework.boot.web.servlet.context.ServletWebServerApplicationContext.refresh(ServletWebServerApplicationContext.java:142)
	at org.springframework.boot.SpringApplication.refresh(SpringApplication.java:775)
	at org.springframework.boot.SpringApplication.refreshContext(SpringApplication.java:397)
	at org.springframework.boot.SpringApplication.run(SpringApplication.java:316)
	at com.airback.server.DefaultServerRunner.main(DefaultServerRunner.java:60)
Caused by: org.springframework.beans.factory.UnsatisfiedDependencyException: Error creating bean with name 'pageServiceImpl': Unsatisfied dependency expressed through field 'jcrTemplate'; nested exception is org.springframework.beans.factory.BeanCreationException: Error creating bean with name 'pageJcrTemplate' defined in class path resource [com/airback/module/page/spring/PageConfiguration.class]: Bean instantiation via factory method failed; nested exception is org.springframework.beans.BeanInstantiationException: Failed to instantiate [org.springframework.extensions.jcr.JcrTemplate]: Factory method 'pageJcrTemplate' threw exception; nested exception is org.springframework.beans.factory.BeanCreationException: Error creating bean with name 'pageJcrSessionFactory' defined in class path resource [com/airback/module/page/spring/PageConfiguration.class]: Bean instantiation via factory method failed; nested exception is org.springframework.beans.BeanInstantiationException: Failed to instantiate [com.airback.module.page.PageSessionFactory]: Factory method 'pageJcrSessionFactory' threw exception; nested exception is org.springframework.beans.factory.BeanCreationException: Error creating bean with name 'pageRepository' defined in class path resource [com/airback/module/page/spring/PageConfiguration.class]: Invocation of init method failed; nested exception is org.apache.jackrabbit.core.config.ConfigurationException: Configured bean implementation class com.airback.module.ecm.DbFileSystemExt was not found.
	at org.springframework.beans.factory.annotation.AutowiredAnnotationBeanPostProcessor$AutowiredFieldElement.inject(AutowiredAnnotationBeanPostProcessor.java:596)
	at org.springframework.beans.factory.annotation.InjectionMetadata.inject(InjectionMetadata.java:90)
	at org.springframework.beans.factory.annotation.AutowiredAnnotationBeanPostProcessor.postProcessProperties(AutowiredAnnotationBeanPostProcessor.java:374)
	at org.springframework.beans.factory.support.AbstractAutowireCapableBeanFactory.populateBean(AbstractAutowireCapableBeanFactory.java:1395)
	at org.springframework.beans.factory.support.AbstractAutowireCapableBeanFactory.doCreateBean(AbstractAutowireCapableBeanFactory.java:592)
	at org.springframework.beans.factory.support.AbstractAutowireCapableBeanFactory.createBean(AbstractAutowireCapableBeanFactory.java:515)
	at org.springframework.beans.factory.support.AbstractBeanFactory.lambda$doGetBean$0(AbstractBeanFactory.java:320)
	at org.springframework.beans.factory.support.DefaultSingletonBeanRegistry.getSingleton(DefaultSingletonBeanRegistry.java:222)
	at org.springframework.beans.factory.support.AbstractBeanFactory.doGetBean(AbstractBeanFactory.java:318)
	at org.springframework.beans.factory.support.AbstractBeanFactory.getBean(AbstractBeanFactory.java:199)
	at org.springframework.beans.factory.config.DependencyDescriptor.resolveCandidate(DependencyDescriptor.java:277)
	at org.springframework.beans.factory.support.DefaultListableBeanFactory.doResolveDependency(DefaultListableBeanFactory.java:1247)
	at org.springframework.beans.factory.support.DefaultListableBeanFactory.resolveDependency(DefaultListableBeanFactory.java:1167)
	at org.springframework.beans.factory.support.ConstructorResolver.resolveAutowiredArgument(ConstructorResolver.java:857)
	at org.springframework.beans.factory.support.ConstructorResolver.createArgumentArray(ConstructorResolver.java:760)
	... 17 common frames omitted
Caused by: org.springframework.beans.factory.BeanCreationException: Error creating bean with name 'pageJcrTemplate' defined in class path resource [com/airback/module/page/spring/PageConfiguration.class]: Bean instantiation via factory method failed; nested exception is org.springframework.beans.BeanInstantiationException: Failed to instantiate [org.springframework.extensions.jcr.JcrTemplate]: Factory method 'pageJcrTemplate' threw exception; nested exception is org.springframework.beans.factory.BeanCreationException: Error creating bean with name 'pageJcrSessionFactory' defined in class path resource [com/airback/module/page/spring/PageConfiguration.class]: Bean instantiation via factory method failed; nested exception is org.springframework.beans.BeanInstantiationException: Failed to instantiate [com.airback.module.page.PageSessionFactory]: Factory method 'pageJcrSessionFactory' threw exception; nested exception is org.springframework.beans.factory.BeanCreationException: Error creating bean with name 'pageRepository' defined in class path resource [com/airback/module/page/spring/PageConfiguration.class]: Invocation of init method failed; nested exception is org.apache.jackrabbit.core.config.ConfigurationException: Configured bean implementation class com.airback.module.ecm.DbFileSystemExt was not found.
	at org.springframework.beans.factory.support.ConstructorResolver.instantiate(ConstructorResolver.java:627)
	at org.springframework.beans.factory.support.ConstructorResolver.instantiateUsingFactoryMethod(ConstructorResolver.java:456)
	at org.springframework.beans.factory.support.AbstractAutowireCapableBeanFactory.instantiateUsingFactoryMethod(AbstractAutowireCapableBeanFactory.java:1305)
	at org.springframework.beans.factory.support.AbstractAutowireCapableBeanFactory.createBeanInstance(AbstractAutowireCapableBeanFactory.java:1144)
	at org.springframework.beans.factory.support.AbstractAutowireCapableBeanFactory.doCreateBean(AbstractAutowireCapableBeanFactory.java:555)
	at org.springframework.beans.factory.support.AbstractAutowireCapableBeanFactory.createBean(AbstractAutowireCapableBeanFactory.java:515)
	at org.springframework.beans.factory.support.AbstractBeanFactory.lambda$doGetBean$0(AbstractBeanFactory.java:320)
	at org.springframework.beans.factory.support.DefaultSingletonBeanRegistry.getSingleton(DefaultSingletonBeanRegistry.java:222)
	at org.springframework.beans.factory.support.AbstractBeanFactory.doGetBean(AbstractBeanFactory.java:318)
	at org.springframework.beans.factory.support.AbstractBeanFactory.getBean(AbstractBeanFactory.java:199)
	at org.springframework.beans.factory.config.DependencyDescriptor.resolveCandidate(DependencyDescriptor.java:277)
	at org.springframework.beans.factory.support.DefaultListableBeanFactory.doResolveDependency(DefaultListableBeanFactory.java:1247)
	at org.springframework.beans.factory.support.DefaultListableBeanFactory.resolveDependency(DefaultListableBeanFactory.java:1167)
	at org.springframework.beans.factory.annotation.AutowiredAnnotationBeanPostProcessor$AutowiredFieldElement.inject(AutowiredAnnotationBeanPostProcessor.java:593)
	... 31 common frames omitted
Caused by: org.springframework.beans.BeanInstantiationException: Failed to instantiate [org.springframework.extensions.jcr.JcrTemplate]: Factory method 'pageJcrTemplate' threw exception; nested exception is org.springframework.beans.factory.BeanCreationException: Error creating bean with name 'pageJcrSessionFactory' defined in class path resource [com/airback/module/page/spring/PageConfiguration.class]: Bean instantiation via factory method failed; nested exception is org.springframework.beans.BeanInstantiationException: Failed to instantiate [com.airback.module.page.PageSessionFactory]: Factory method 'pageJcrSessionFactory' threw exception; nested exception is org.springframework.beans.factory.BeanCreationException: Error creating bean with name 'pageRepository' defined in class path resource [com/airback/module/page/spring/PageConfiguration.class]: Invocation of init method failed; nested exception is org.apache.jackrabbit.core.config.ConfigurationException: Configured bean implementation class com.airback.module.ecm.DbFileSystemExt was not found.
	at org.springframework.beans.factory.support.SimpleInstantiationStrategy.instantiate(SimpleInstantiationStrategy.java:185)
	at org.springframework.beans.factory.support.ConstructorResolver.instantiate(ConstructorResolver.java:622)
	... 44 common frames omitted
Caused by: org.springframework.beans.factory.BeanCreationException: Error creating bean with name 'pageJcrSessionFactory' defined in class path resource [com/airback/module/page/spring/PageConfiguration.class]: Bean instantiation via factory method failed; nested exception is org.springframework.beans.BeanInstantiationException: Failed to instantiate [com.airback.module.page.PageSessionFactory]: Factory method 'pageJcrSessionFactory' threw exception; nested exception is org.springframework.beans.factory.BeanCreationException: Error creating bean with name 'pageRepository' defined in class path resource [com/airback/module/page/spring/PageConfiguration.class]: Invocation of init method failed; nested exception is org.apache.jackrabbit.core.config.ConfigurationException: Configured bean implementation class com.airback.module.ecm.DbFileSystemExt was not found.
	at org.springframework.beans.factory.support.ConstructorResolver.instantiate(ConstructorResolver.java:627)
	at org.springframework.beans.factory.support.ConstructorResolver.instantiateUsingFactoryMethod(ConstructorResolver.java:456)
	at org.springframework.beans.factory.support.AbstractAutowireCapableBeanFactory.instantiateUsingFactoryMethod(AbstractAutowireCapableBeanFactory.java:1305)
	at org.springframework.beans.factory.support.AbstractAutowireCapableBeanFactory.createBeanInstance(AbstractAutowireCapableBeanFactory.java:1144)
	at org.springframework.beans.factory.support.AbstractAutowireCapableBeanFactory.doCreateBean(AbstractAutowireCapableBeanFactory.java:555)
	at org.springframework.beans.factory.support.AbstractAutowireCapableBeanFactory.createBean(AbstractAutowireCapableBeanFactory.java:515)
	at org.springframework.beans.factory.support.AbstractBeanFactory.lambda$doGetBean$0(AbstractBeanFactory.java:320)
	at org.springframework.beans.factory.support.DefaultSingletonBeanRegistry.getSingleton(DefaultSingletonBeanRegistry.java:222)
	at org.springframework.beans.factory.support.AbstractBeanFactory.doGetBean(AbstractBeanFactory.java:318)
	at org.springframework.beans.factory.support.AbstractBeanFactory.getBean(AbstractBeanFactory.java:199)
	at org.springframework.context.annotation.ConfigurationClassEnhancer$BeanMethodInterceptor.resolveBeanReference(ConfigurationClassEnhancer.java:394)
	at org.springframework.context.annotation.ConfigurationClassEnhancer$BeanMethodInterceptor.intercept(ConfigurationClassEnhancer.java:366)
	at com.airback.module.page.spring.PageConfiguration$$EnhancerBySpringCGLIB$$86f556a1.pageJcrSessionFactory(<generated>)
	at com.airback.module.page.spring.PageConfiguration.pageJcrTemplate(PageConfiguration.kt:63)
	at com.airback.module.page.spring.PageConfiguration$$EnhancerBySpringCGLIB$$86f556a1.CGLIB$pageJcrTemplate$2(<generated>)
	at com.airback.module.page.spring.PageConfiguration$$EnhancerBySpringCGLIB$$86f556a1$$FastClassBySpringCGLIB$$9d51c06a.invoke(<generated>)
	at org.springframework.cglib.proxy.MethodProxy.invokeSuper(MethodProxy.java:244)
	at org.springframework.context.annotation.ConfigurationClassEnhancer$BeanMethodInterceptor.intercept(ConfigurationClassEnhancer.java:363)
	at com.airback.module.page.spring.PageConfiguration$$EnhancerBySpringCGLIB$$86f556a1.pageJcrTemplate(<generated>)
	at sun.reflect.NativeMethodAccessorImpl.invoke0(Native Method)
	at sun.reflect.NativeMethodAccessorImpl.invoke(NativeMethodAccessorImpl.java:62)
	at sun.reflect.DelegatingMethodAccessorImpl.invoke(DelegatingMethodAccessorImpl.java:43)
	at java.lang.reflect.Method.invoke(Method.java:498)
	at org.springframework.beans.factory.support.SimpleInstantiationStrategy.instantiate(SimpleInstantiationStrategy.java:154)
	... 45 common frames omitted
Caused by: org.springframework.beans.BeanInstantiationException: Failed to instantiate [com.airback.module.page.PageSessionFactory]: Factory method 'pageJcrSessionFactory' threw exception; nested exception is org.springframework.beans.factory.BeanCreationException: Error creating bean with name 'pageRepository' defined in class path resource [com/airback/module/page/spring/PageConfiguration.class]: Invocation of init method failed; nested exception is org.apache.jackrabbit.core.config.ConfigurationException: Configured bean implementation class com.airback.module.ecm.DbFileSystemExt was not found.
	at org.springframework.beans.factory.support.SimpleInstantiationStrategy.instantiate(SimpleInstantiationStrategy.java:185)
	at org.springframework.beans.factory.support.ConstructorResolver.instantiate(ConstructorResolver.java:622)
	... 68 common frames omitted
Caused by: org.springframework.beans.factory.BeanCreationException: Error creating bean with name 'pageRepository' defined in class path resource [com/airback/module/page/spring/PageConfiguration.class]: Invocation of init method failed; nested exception is org.apache.jackrabbit.core.config.ConfigurationException: Configured bean implementation class com.airback.module.ecm.DbFileSystemExt was not found.
	at org.springframework.beans.factory.support.AbstractAutowireCapableBeanFactory.initializeBean(AbstractAutowireCapableBeanFactory.java:1762)
	at org.springframework.beans.factory.support.AbstractAutowireCapableBeanFactory.doCreateBean(AbstractAutowireCapableBeanFactory.java:593)
	at org.springframework.beans.factory.support.AbstractAutowireCapableBeanFactory.createBean(AbstractAutowireCapableBeanFactory.java:515)
	at org.springframework.beans.factory.support.AbstractBeanFactory.lambda$doGetBean$0(AbstractBeanFactory.java:320)
	at org.springframework.beans.factory.support.DefaultSingletonBeanRegistry.getSingleton(DefaultSingletonBeanRegistry.java:222)
	at org.springframework.beans.factory.support.AbstractBeanFactory.doGetBean(AbstractBeanFactory.java:318)
	at org.springframework.beans.factory.support.AbstractBeanFactory.getBean(AbstractBeanFactory.java:199)
	at org.springframework.context.annotation.ConfigurationClassEnhancer$BeanMethodInterceptor.intercept(ConfigurationClassEnhancer.java:339)
	at com.airback.module.page.spring.PageConfiguration$$EnhancerBySpringCGLIB$$86f556a1.pageRepository(<generated>)
	at com.airback.module.page.spring.PageConfiguration.pageJcrSessionFactory(PageConfiguration.kt:54)
	at com.airback.module.page.spring.PageConfiguration$$EnhancerBySpringCGLIB$$86f556a1.CGLIB$pageJcrSessionFactory$0(<generated>)
	at com.airback.module.page.spring.PageConfiguration$$EnhancerBySpringCGLIB$$86f556a1$$FastClassBySpringCGLIB$$9d51c06a.invoke(<generated>)
	at org.springframework.cglib.proxy.MethodProxy.invokeSuper(MethodProxy.java:244)
	at org.springframework.context.annotation.ConfigurationClassEnhancer$BeanMethodInterceptor.intercept(ConfigurationClassEnhancer.java:363)
	at com.airback.module.page.spring.PageConfiguration$$EnhancerBySpringCGLIB$$86f556a1.pageJcrSessionFactory(<generated>)
	at sun.reflect.NativeMethodAccessorImpl.invoke0(Native Method)
	at sun.reflect.NativeMethodAccessorImpl.invoke(NativeMethodAccessorImpl.java:62)
	at sun.reflect.DelegatingMethodAccessorImpl.invoke(DelegatingMethodAccessorImpl.java:43)
	at java.lang.reflect.Method.invoke(Method.java:498)
	at org.springframework.beans.factory.support.SimpleInstantiationStrategy.instantiate(SimpleInstantiationStrategy.java:154)
	... 69 common frames omitted
Caused by: org.apache.jackrabbit.core.config.ConfigurationException: Configured bean implementation class com.airback.module.ecm.DbFileSystemExt was not found.
	at org.apache.jackrabbit.core.config.SimpleBeanFactory.newInstance(SimpleBeanFactory.java:44)
	at org.apache.jackrabbit.core.config.BeanConfig.newInstance(BeanConfig.java:191)
	at org.apache.jackrabbit.core.config.RepositoryConfigurationParser$6.getFileSystem(RepositoryConfigurationParser.java:1163)
	at org.apache.jackrabbit.core.config.WorkspaceConfig.getFileSystem(WorkspaceConfig.java:220)
	at org.apache.jackrabbit.core.RepositoryImpl$WorkspaceInfo.doInitialize(RepositoryImpl.java:2051)
	at org.apache.jackrabbit.core.RepositoryImpl$WorkspaceInfo.initialize(RepositoryImpl.java:2036)
	at org.apache.jackrabbit.core.RepositoryImpl.initStartupWorkspaces(RepositoryImpl.java:544)
	at org.apache.jackrabbit.core.RepositoryImpl.<init>(RepositoryImpl.java:327)
	at org.apache.jackrabbit.core.RepositoryImpl.create(RepositoryImpl.java:616)
	at org.springframework.extensions.jcr.jackrabbit.RepositoryFactoryBean.createRepository(RepositoryFactoryBean.java:69)
	at org.springframework.extensions.jcr.RepositoryFactoryBean.afterPropertiesSet(RepositoryFactoryBean.java:64)
	at org.springframework.beans.factory.support.AbstractAutowireCapableBeanFactory.invokeInitMethods(AbstractAutowireCapableBeanFactory.java:1821)
	at org.springframework.beans.factory.support.AbstractAutowireCapableBeanFactory.initializeBean(AbstractAutowireCapableBeanFactory.java:1758)
	... 88 common frames omitted
Caused by: java.lang.ClassNotFoundException: com.airback.module.ecm.DbFileSystemExt
	at java.net.URLClassLoader.findClass(URLClassLoader.java:381)
	at java.lang.ClassLoader.loadClass(ClassLoader.java:424)
	at sun.misc.Launcher$AppClassLoader.loadClass(Launcher.java:335)
	at java.lang.ClassLoader.loadClass(ClassLoader.java:357)
	at java.lang.Class.forName0(Native Method)
	at java.lang.Class.forName(Class.java:348)
	at org.apache.jackrabbit.core.config.SimpleBeanFactory.newInstance(SimpleBeanFactory.java:30)
	... 100 common frames omitted
